[0.070s] colcon DEBUG Command line arguments: ['/usr/bin/colcon', 'list', '-p', '--base-paths', '/home/coena98/room_scanning/nr_manipulator_demo_docker_files/demo_pick_and_place']
[0.070s] colcon DEBUG Parsed command line arguments: Namespace(log_base=None, log_level=None, verb_name='list', build_base='build', ignore_user_meta=False, metas=['./colcon.meta'], base_paths=['/home/coena98/room_scanning/nr_manipulator_demo_docker_files/demo_pick_and_place'], packages_ignore=None, packages_ignore_regex=None, paths=None, packages_up_to=None, packages_up_to_regex=None, packages_above=None, packages_above_and_dependencies=None, packages_above_depth=None, packages_select_by_dep=None, packages_skip_by_dep=None, packages_skip_up_to=None, packages_select_build_failed=False, packages_skip_build_finished=False, packages_select_test_failures=False, packages_skip_test_passed=False, packages_select=None, packages_skip=None, packages_select_regex=None, packages_skip_regex=None, packages_start=None, packages_end=None, allow_overriding=[], topological_order=False, names_only=False, paths_only=True, topological_graph=False, topological_graph_dot=False, topological_graph_density=False, topological_graph_legend=False, topological_graph_dot_cluster=False, topological_graph_dot_include_skipped=False, mixin_files=None, mixin=None, verb_parser=<colcon_mixin.mixin.mixin_argument.MixinArgumentDecorator object at 0x77a022c71bd0>, verb_extension=<colcon_package_information.verb.list.ListVerb object at 0x77a022c70af0>, main=<bound method ListVerb.main of <colcon_package_information.verb.list.ListVerb object at 0x77a022c70af0>>, mixin_verb=('list',))
[0.094s] colcon.colcon_core.package_discovery Level 1 discover_packages(colcon_meta) check parameters
[0.094s] colcon.colcon_core.package_discovery Level 1 discover_packages(recursive) check parameters
[0.094s] colcon.colcon_core.package_discovery Level 1 discover_packages(ignore) check parameters
[0.094s] colcon.colcon_core.package_discovery Level 1 discover_packages(path) check parameters
[0.094s] colcon.colcon_core.package_discovery Level 1 discover_packages(recursive) discover
[0.094s] colcon.colcon_core.package_discovery INFO Crawling recursively for packages in '/home/coena98/room_scanning/nr_manipulator_demo_docker_files/demo_pick_and_place'
[0.094s] colcon.colcon_core.package_identification Level 1 _identify(/home/coena98/room_scanning/nr_manipulator_demo_docker_files/demo_pick_and_place) by extensions ['ignore', 'ignore_ament_install']
[0.094s] colcon.colcon_core.package_identification Level 1 _identify(/home/coena98/room_scanning/nr_manipulator_demo_docker_files/demo_pick_and_place) by extension 'ignore'
[0.094s] colcon.colcon_core.package_identification Level 1 _identify(/home/coena98/room_scanning/nr_manipulator_demo_docker_files/demo_pick_and_place) by extension 'ignore_ament_install'
[0.094s] colcon.colcon_core.package_identification Level 1 _identify(/home/coena98/room_scanning/nr_manipulator_demo_docker_files/demo_pick_and_place) by extensions ['colcon_pkg']
[0.094s] colcon.colcon_core.package_identification Level 1 _identify(/home/coena98/room_scanning/nr_manipulator_demo_docker_files/demo_pick_and_place) by extension 'colcon_pkg'
[0.094s] colcon.colcon_core.package_identification Level 1 _identify(/home/coena98/room_scanning/nr_manipulator_demo_docker_files/demo_pick_and_place) by extensions ['colcon_meta']
[0.094s] colcon.colcon_core.package_identification Level 1 _identify(/home/coena98/room_scanning/nr_manipulator_demo_docker_files/demo_pick_and_place) by extension 'colcon_meta'
[0.094s] colcon.colcon_core.package_identification Level 1 _identify(/home/coena98/room_scanning/nr_manipulator_demo_docker_files/demo_pick_and_place) by extensions ['ros']
[0.094s] colcon.colcon_core.package_identification Level 1 _identify(/home/coena98/room_scanning/nr_manipulator_demo_docker_files/demo_pick_and_place) by extension 'ros'
[0.104s] colcon.colcon_core.package_identification Level 1 _identify(/home/coena98/room_scanning/nr_manipulator_demo_docker_files/demo_pick_and_place) by extensions ['cmake', 'python']
[0.104s] colcon.colcon_core.package_identification Level 1 _identify(/home/coena98/room_scanning/nr_manipulator_demo_docker_files/demo_pick_and_place) by extension 'cmake'
[0.104s] colcon.colcon_core.package_identification Level 1 _identify(/home/coena98/room_scanning/nr_manipulator_demo_docker_files/demo_pick_and_place) by extension 'python'
[0.104s] colcon.colcon_core.package_identification Level 1 _identify(/home/coena98/room_scanning/nr_manipulator_demo_docker_files/demo_pick_and_place) by extensions ['python_setup_py']
[0.104s] colcon.colcon_core.package_identification Level 1 _identify(/home/coena98/room_scanning/nr_manipulator_demo_docker_files/demo_pick_and_place) by extension 'python_setup_py'
[0.104s] colcon.colcon_core.package_identification Level 1 _identify(/home/coena98/room_scanning/nr_manipulator_demo_docker_files/demo_pick_and_place/__pycache__) by extensions ['ignore', 'ignore_ament_install']
[0.104s] colcon.colcon_core.package_identification Level 1 _identify(/home/coena98/room_scanning/nr_manipulator_demo_docker_files/demo_pick_and_place/__pycache__) by extension 'ignore'
[0.104s] colcon.colcon_core.package_identification Level 1 _identify(/home/coena98/room_scanning/nr_manipulator_demo_docker_files/demo_pick_and_place/__pycache__) by extension 'ignore_ament_install'
[0.104s] colcon.colcon_core.package_identification Level 1 _identify(/home/coena98/room_scanning/nr_manipulator_demo_docker_files/demo_pick_and_place/__pycache__) by extensions ['colcon_pkg']
[0.104s] colcon.colcon_core.package_identification Level 1 _identify(/home/coena98/room_scanning/nr_manipulator_demo_docker_files/demo_pick_and_place/__pycache__) by extension 'colcon_pkg'
[0.104s] colcon.colcon_core.package_identification Level 1 _identify(/home/coena98/room_scanning/nr_manipulator_demo_docker_files/demo_pick_and_place/__pycache__) by extensions ['colcon_meta']
[0.104s] colcon.colcon_core.package_identification Level 1 _identify(/home/coena98/room_scanning/nr_manipulator_demo_docker_files/demo_pick_and_place/__pycache__) by extension 'colcon_meta'
[0.104s] colcon.colcon_core.package_identification Level 1 _identify(/home/coena98/room_scanning/nr_manipulator_demo_docker_files/demo_pick_and_place/__pycache__) by extensions ['ros']
[0.104s] colcon.colcon_core.package_identification Level 1 _identify(/home/coena98/room_scanning/nr_manipulator_demo_docker_files/demo_pick_and_place/__pycache__) by extension 'ros'
[0.104s] colcon.colcon_core.package_identification Level 1 _identify(/home/coena98/room_scanning/nr_manipulator_demo_docker_files/demo_pick_and_place/__pycache__) by extensions ['cmake', 'python']
[0.104s] colcon.colcon_core.package_identification Level 1 _identify(/home/coena98/room_scanning/nr_manipulator_demo_docker_files/demo_pick_and_place/__pycache__) by extension 'cmake'
[0.104s] colcon.colcon_core.package_identification Level 1 _identify(/home/coena98/room_scanning/nr_manipulator_demo_docker_files/demo_pick_and_place/__pycache__) by extension 'python'
[0.104s] colcon.colcon_core.package_identification Level 1 _identify(/home/coena98/room_scanning/nr_manipulator_demo_docker_files/demo_pick_and_place/__pycache__) by extensions ['python_setup_py']
[0.104s] colcon.colcon_core.package_identification Level 1 _identify(/home/coena98/room_scanning/nr_manipulator_demo_docker_files/demo_pick_and_place/__pycache__) by extension 'python_setup_py'
[0.104s] colcon.colcon_core.package_identification Level 1 _identify(/home/coena98/room_scanning/nr_manipulator_demo_docker_files/demo_pick_and_place/log) by extensions ['ignore', 'ignore_ament_install']
[0.104s] colcon.colcon_core.package_identification Level 1 _identify(/home/coena98/room_scanning/nr_manipulator_demo_docker_files/demo_pick_and_place/log) by extension 'ignore'
[0.104s] colcon.colcon_core.package_identification Level 1 _identify(/home/coena98/room_scanning/nr_manipulator_demo_docker_files/demo_pick_and_place/log) ignored
[0.104s] colcon.colcon_core.package_identification Level 1 _identify(/home/coena98/room_scanning/nr_manipulator_demo_docker_files/demo_pick_and_place/src) by extensions ['ignore', 'ignore_ament_install']
[0.104s] colcon.colcon_core.package_identification Level 1 _identify(/home/coena98/room_scanning/nr_manipulator_demo_docker_files/demo_pick_and_place/src) by extension 'ignore'
[0.104s] colcon.colcon_core.package_identification Level 1 _identify(/home/coena98/room_scanning/nr_manipulator_demo_docker_files/demo_pick_and_place/src) by extension 'ignore_ament_install'
[0.104s] colcon.colcon_core.package_identification Level 1 _identify(/home/coena98/room_scanning/nr_manipulator_demo_docker_files/demo_pick_and_place/src) by extensions ['colcon_pkg']
[0.104s] colcon.colcon_core.package_identification Level 1 _identify(/home/coena98/room_scanning/nr_manipulator_demo_docker_files/demo_pick_and_place/src) by extension 'colcon_pkg'
[0.104s] colcon.colcon_core.package_identification Level 1 _identify(/home/coena98/room_scanning/nr_manipulator_demo_docker_files/demo_pick_and_place/src) by extensions ['colcon_meta']
[0.104s] colcon.colcon_core.package_identification Level 1 _identify(/home/coena98/room_scanning/nr_manipulator_demo_docker_files/demo_pick_and_place/src) by extension 'colcon_meta'
[0.105s] colcon.colcon_core.package_identification Level 1 _identify(/home/coena98/room_scanning/nr_manipulator_demo_docker_files/demo_pick_and_place/src) by extensions ['ros']
[0.105s] colcon.colcon_core.package_identification Level 1 _identify(/home/coena98/room_scanning/nr_manipulator_demo_docker_files/demo_pick_and_place/src) by extension 'ros'
[0.105s] colcon.colcon_core.package_identification Level 1 _identify(/home/coena98/room_scanning/nr_manipulator_demo_docker_files/demo_pick_and_place/src) by extensions ['cmake', 'python']
[0.105s] colcon.colcon_core.package_identification Level 1 _identify(/home/coena98/room_scanning/nr_manipulator_demo_docker_files/demo_pick_and_place/src) by extension 'cmake'
[0.105s] colcon.colcon_core.package_identification Level 1 _identify(/home/coena98/room_scanning/nr_manipulator_demo_docker_files/demo_pick_and_place/src) by extension 'python'
[0.105s] colcon.colcon_core.package_identification Level 1 _identify(/home/coena98/room_scanning/nr_manipulator_demo_docker_files/demo_pick_and_place/src) by extensions ['python_setup_py']
[0.105s] colcon.colcon_core.package_identification Level 1 _identify(/home/coena98/room_scanning/nr_manipulator_demo_docker_files/demo_pick_and_place/src) by extension 'python_setup_py'
[0.105s] colcon.colcon_core.package_identification Level 1 _identify(/home/coena98/room_scanning/nr_manipulator_demo_docker_files/demo_pick_and_place/src/nr_manipulator_software_files) by extensions ['ignore', 'ignore_ament_install']
[0.105s] colcon.colcon_core.package_identification Level 1 _identify(/home/coena98/room_scanning/nr_manipulator_demo_docker_files/demo_pick_and_place/src/nr_manipulator_software_files) by extension 'ignore'
[0.105s] colcon.colcon_core.package_identification Level 1 _identify(/home/coena98/room_scanning/nr_manipulator_demo_docker_files/demo_pick_and_place/src/nr_manipulator_software_files) by extension 'ignore_ament_install'
[0.105s] colcon.colcon_core.package_identification Level 1 _identify(/home/coena98/room_scanning/nr_manipulator_demo_docker_files/demo_pick_and_place/src/nr_manipulator_software_files) by extensions ['colcon_pkg']
[0.105s] colcon.colcon_core.package_identification Level 1 _identify(/home/coena98/room_scanning/nr_manipulator_demo_docker_files/demo_pick_and_place/src/nr_manipulator_software_files) by extension 'colcon_pkg'
[0.105s] colcon.colcon_core.package_identification Level 1 _identify(/home/coena98/room_scanning/nr_manipulator_demo_docker_files/demo_pick_and_place/src/nr_manipulator_software_files) by extensions ['colcon_meta']
[0.105s] colcon.colcon_core.package_identification Level 1 _identify(/home/coena98/room_scanning/nr_manipulator_demo_docker_files/demo_pick_and_place/src/nr_manipulator_software_files) by extension 'colcon_meta'
[0.105s] colcon.colcon_core.package_identification Level 1 _identify(/home/coena98/room_scanning/nr_manipulator_demo_docker_files/demo_pick_and_place/src/nr_manipulator_software_files) by extensions ['ros']
[0.105s] colcon.colcon_core.package_identification Level 1 _identify(/home/coena98/room_scanning/nr_manipulator_demo_docker_files/demo_pick_and_place/src/nr_manipulator_software_files) by extension 'ros'
[0.105s] colcon.colcon_core.package_identification Level 1 _identify(/home/coena98/room_scanning/nr_manipulator_demo_docker_files/demo_pick_and_place/src/nr_manipulator_software_files) by extensions ['cmake', 'python']
[0.105s] colcon.colcon_core.package_identification Level 1 _identify(/home/coena98/room_scanning/nr_manipulator_demo_docker_files/demo_pick_and_place/src/nr_manipulator_software_files) by extension 'cmake'
[0.105s] colcon.colcon_core.package_identification Level 1 _identify(/home/coena98/room_scanning/nr_manipulator_demo_docker_files/demo_pick_and_place/src/nr_manipulator_software_files) by extension 'python'
[0.105s] colcon.colcon_core.package_identification Level 1 _identify(/home/coena98/room_scanning/nr_manipulator_demo_docker_files/demo_pick_and_place/src/nr_manipulator_software_files) by extensions ['python_setup_py']
[0.105s] colcon.colcon_core.package_identification Level 1 _identify(/home/coena98/room_scanning/nr_manipulator_demo_docker_files/demo_pick_and_place/src/nr_manipulator_software_files) by extension 'python_setup_py'
[0.105s] colcon.colcon_core.package_identification Level 1 _identify(/home/coena98/room_scanning/nr_manipulator_demo_docker_files/demo_pick_and_place/src/nr_manipulator_software_files/src) by extensions ['ignore', 'ignore_ament_install']
[0.105s] colcon.colcon_core.package_identification Level 1 _identify(/home/coena98/room_scanning/nr_manipulator_demo_docker_files/demo_pick_and_place/src/nr_manipulator_software_files/src) by extension 'ignore'
[0.105s] colcon.colcon_core.package_identification Level 1 _identify(/home/coena98/room_scanning/nr_manipulator_demo_docker_files/demo_pick_and_place/src/nr_manipulator_software_files/src) by extension 'ignore_ament_install'
[0.105s] colcon.colcon_core.package_identification Level 1 _identify(/home/coena98/room_scanning/nr_manipulator_demo_docker_files/demo_pick_and_place/src/nr_manipulator_software_files/src) by extensions ['colcon_pkg']
[0.105s] colcon.colcon_core.package_identification Level 1 _identify(/home/coena98/room_scanning/nr_manipulator_demo_docker_files/demo_pick_and_place/src/nr_manipulator_software_files/src) by extension 'colcon_pkg'
[0.105s] colcon.colcon_core.package_identification Level 1 _identify(/home/coena98/room_scanning/nr_manipulator_demo_docker_files/demo_pick_and_place/src/nr_manipulator_software_files/src) by extensions ['colcon_meta']
[0.105s] colcon.colcon_core.package_identification Level 1 _identify(/home/coena98/room_scanning/nr_manipulator_demo_docker_files/demo_pick_and_place/src/nr_manipulator_software_files/src) by extension 'colcon_meta'
[0.105s] colcon.colcon_core.package_identification Level 1 _identify(/home/coena98/room_scanning/nr_manipulator_demo_docker_files/demo_pick_and_place/src/nr_manipulator_software_files/src) by extensions ['ros']
[0.105s] colcon.colcon_core.package_identification Level 1 _identify(/home/coena98/room_scanning/nr_manipulator_demo_docker_files/demo_pick_and_place/src/nr_manipulator_software_files/src) by extension 'ros'
[0.105s] colcon.colcon_core.package_identification Level 1 _identify(/home/coena98/room_scanning/nr_manipulator_demo_docker_files/demo_pick_and_place/src/nr_manipulator_software_files/src) by extensions ['cmake', 'python']
[0.105s] colcon.colcon_core.package_identification Level 1 _identify(/home/coena98/room_scanning/nr_manipulator_demo_docker_files/demo_pick_and_place/src/nr_manipulator_software_files/src) by extension 'cmake'
[0.105s] colcon.colcon_core.package_identification Level 1 _identify(/home/coena98/room_scanning/nr_manipulator_demo_docker_files/demo_pick_and_place/src/nr_manipulator_software_files/src) by extension 'python'
[0.105s] colcon.colcon_core.package_identification Level 1 _identify(/home/coena98/room_scanning/nr_manipulator_demo_docker_files/demo_pick_and_place/src/nr_manipulator_software_files/src) by extensions ['python_setup_py']
[0.105s] colcon.colcon_core.package_identification Level 1 _identify(/home/coena98/room_scanning/nr_manipulator_demo_docker_files/demo_pick_and_place/src/nr_manipulator_software_files/src) by extension 'python_setup_py'
[0.105s] colcon.colcon_core.package_identification Level 1 _identify(/home/coena98/room_scanning/nr_manipulator_demo_docker_files/demo_pick_and_place/src/nr_manipulator_software_files/src/xarm_ros2_NR) by extensions ['ignore', 'ignore_ament_install']
[0.105s] colcon.colcon_core.package_identification Level 1 _identify(/home/coena98/room_scanning/nr_manipulator_demo_docker_files/demo_pick_and_place/src/nr_manipulator_software_files/src/xarm_ros2_NR) by extension 'ignore'
[0.105s] colcon.colcon_core.package_identification Level 1 _identify(/home/coena98/room_scanning/nr_manipulator_demo_docker_files/demo_pick_and_place/src/nr_manipulator_software_files/src/xarm_ros2_NR) by extension 'ignore_ament_install'
[0.105s] colcon.colcon_core.package_identification Level 1 _identify(/home/coena98/room_scanning/nr_manipulator_demo_docker_files/demo_pick_and_place/src/nr_manipulator_software_files/src/xarm_ros2_NR) by extensions ['colcon_pkg']
[0.105s] colcon.colcon_core.package_identification Level 1 _identify(/home/coena98/room_scanning/nr_manipulator_demo_docker_files/demo_pick_and_place/src/nr_manipulator_software_files/src/xarm_ros2_NR) by extension 'colcon_pkg'
[0.105s] colcon.colcon_core.package_identification Level 1 _identify(/home/coena98/room_scanning/nr_manipulator_demo_docker_files/demo_pick_and_place/src/nr_manipulator_software_files/src/xarm_ros2_NR) by extensions ['colcon_meta']
[0.105s] colcon.colcon_core.package_identification Level 1 _identify(/home/coena98/room_scanning/nr_manipulator_demo_docker_files/demo_pick_and_place/src/nr_manipulator_software_files/src/xarm_ros2_NR) by extension 'colcon_meta'
[0.106s] colcon.colcon_core.package_identification Level 1 _identify(/home/coena98/room_scanning/nr_manipulator_demo_docker_files/demo_pick_and_place/src/nr_manipulator_software_files/src/xarm_ros2_NR) by extensions ['ros']
[0.106s] colcon.colcon_core.package_identification Level 1 _identify(/home/coena98/room_scanning/nr_manipulator_demo_docker_files/demo_pick_and_place/src/nr_manipulator_software_files/src/xarm_ros2_NR) by extension 'ros'
[0.106s] colcon.colcon_core.package_identification Level 1 _identify(/home/coena98/room_scanning/nr_manipulator_demo_docker_files/demo_pick_and_place/src/nr_manipulator_software_files/src/xarm_ros2_NR) by extensions ['cmake', 'python']
[0.106s] colcon.colcon_core.package_identification Level 1 _identify(/home/coena98/room_scanning/nr_manipulator_demo_docker_files/demo_pick_and_place/src/nr_manipulator_software_files/src/xarm_ros2_NR) by extension 'cmake'
[0.106s] colcon.colcon_core.package_identification Level 1 _identify(/home/coena98/room_scanning/nr_manipulator_demo_docker_files/demo_pick_and_place/src/nr_manipulator_software_files/src/xarm_ros2_NR) by extension 'python'
[0.106s] colcon.colcon_core.package_identification Level 1 _identify(/home/coena98/room_scanning/nr_manipulator_demo_docker_files/demo_pick_and_place/src/nr_manipulator_software_files/src/xarm_ros2_NR) by extensions ['python_setup_py']
[0.106s] colcon.colcon_core.package_identification Level 1 _identify(/home/coena98/room_scanning/nr_manipulator_demo_docker_files/demo_pick_and_place/src/nr_manipulator_software_files/src/xarm_ros2_NR) by extension 'python_setup_py'
[0.106s] colcon.colcon_core.package_identification Level 1 _identify(/home/coena98/room_scanning/nr_manipulator_demo_docker_files/demo_pick_and_place/src/nr_manipulator_software_files/src/xarm_ros2_NR/thirdparty) by extensions ['ignore', 'ignore_ament_install']
[0.106s] colcon.colcon_core.package_identification Level 1 _identify(/home/coena98/room_scanning/nr_manipulator_demo_docker_files/demo_pick_and_place/src/nr_manipulator_software_files/src/xarm_ros2_NR/thirdparty) by extension 'ignore'
[0.106s] colcon.colcon_core.package_identification Level 1 _identify(/home/coena98/room_scanning/nr_manipulator_demo_docker_files/demo_pick_and_place/src/nr_manipulator_software_files/src/xarm_ros2_NR/thirdparty) by extension 'ignore_ament_install'
[0.106s] colcon.colcon_core.package_identification Level 1 _identify(/home/coena98/room_scanning/nr_manipulator_demo_docker_files/demo_pick_and_place/src/nr_manipulator_software_files/src/xarm_ros2_NR/thirdparty) by extensions ['colcon_pkg']
[0.106s] colcon.colcon_core.package_identification Level 1 _identify(/home/coena98/room_scanning/nr_manipulator_demo_docker_files/demo_pick_and_place/src/nr_manipulator_software_files/src/xarm_ros2_NR/thirdparty) by extension 'colcon_pkg'
[0.106s] colcon.colcon_core.package_identification Level 1 _identify(/home/coena98/room_scanning/nr_manipulator_demo_docker_files/demo_pick_and_place/src/nr_manipulator_software_files/src/xarm_ros2_NR/thirdparty) by extensions ['colcon_meta']
[0.106s] colcon.colcon_core.package_identification Level 1 _identify(/home/coena98/room_scanning/nr_manipulator_demo_docker_files/demo_pick_and_place/src/nr_manipulator_software_files/src/xarm_ros2_NR/thirdparty) by extension 'colcon_meta'
[0.106s] colcon.colcon_core.package_identification Level 1 _identify(/home/coena98/room_scanning/nr_manipulator_demo_docker_files/demo_pick_and_place/src/nr_manipulator_software_files/src/xarm_ros2_NR/thirdparty) by extensions ['ros']
[0.106s] colcon.colcon_core.package_identification Level 1 _identify(/home/coena98/room_scanning/nr_manipulator_demo_docker_files/demo_pick_and_place/src/nr_manipulator_software_files/src/xarm_ros2_NR/thirdparty) by extension 'ros'
[0.106s] colcon.colcon_core.package_identification Level 1 _identify(/home/coena98/room_scanning/nr_manipulator_demo_docker_files/demo_pick_and_place/src/nr_manipulator_software_files/src/xarm_ros2_NR/thirdparty) by extensions ['cmake', 'python']
[0.106s] colcon.colcon_core.package_identification Level 1 _identify(/home/coena98/room_scanning/nr_manipulator_demo_docker_files/demo_pick_and_place/src/nr_manipulator_software_files/src/xarm_ros2_NR/thirdparty) by extension 'cmake'
[0.106s] colcon.colcon_core.package_identification Level 1 _identify(/home/coena98/room_scanning/nr_manipulator_demo_docker_files/demo_pick_and_place/src/nr_manipulator_software_files/src/xarm_ros2_NR/thirdparty) by extension 'python'
[0.106s] colcon.colcon_core.package_identification Level 1 _identify(/home/coena98/room_scanning/nr_manipulator_demo_docker_files/demo_pick_and_place/src/nr_manipulator_software_files/src/xarm_ros2_NR/thirdparty) by extensions ['python_setup_py']
[0.106s] colcon.colcon_core.package_identification Level 1 _identify(/home/coena98/room_scanning/nr_manipulator_demo_docker_files/demo_pick_and_place/src/nr_manipulator_software_files/src/xarm_ros2_NR/thirdparty) by extension 'python_setup_py'
[0.106s] colcon.colcon_core.package_identification Level 1 _identify(/home/coena98/room_scanning/nr_manipulator_demo_docker_files/demo_pick_and_place/src/nr_manipulator_software_files/src/xarm_ros2_NR/thirdparty/realsense_gazebo_plugin) by extensions ['ignore', 'ignore_ament_install']
[0.106s] colcon.colcon_core.package_identification Level 1 _identify(/home/coena98/room_scanning/nr_manipulator_demo_docker_files/demo_pick_and_place/src/nr_manipulator_software_files/src/xarm_ros2_NR/thirdparty/realsense_gazebo_plugin) by extension 'ignore'
[0.106s] colcon.colcon_core.package_identification Level 1 _identify(/home/coena98/room_scanning/nr_manipulator_demo_docker_files/demo_pick_and_place/src/nr_manipulator_software_files/src/xarm_ros2_NR/thirdparty/realsense_gazebo_plugin) by extension 'ignore_ament_install'
[0.106s] colcon.colcon_core.package_identification Level 1 _identify(/home/coena98/room_scanning/nr_manipulator_demo_docker_files/demo_pick_and_place/src/nr_manipulator_software_files/src/xarm_ros2_NR/thirdparty/realsense_gazebo_plugin) by extensions ['colcon_pkg']
[0.106s] colcon.colcon_core.package_identification Level 1 _identify(/home/coena98/room_scanning/nr_manipulator_demo_docker_files/demo_pick_and_place/src/nr_manipulator_software_files/src/xarm_ros2_NR/thirdparty/realsense_gazebo_plugin) by extension 'colcon_pkg'
[0.106s] colcon.colcon_core.package_identification Level 1 _identify(/home/coena98/room_scanning/nr_manipulator_demo_docker_files/demo_pick_and_place/src/nr_manipulator_software_files/src/xarm_ros2_NR/thirdparty/realsense_gazebo_plugin) by extensions ['colcon_meta']
[0.106s] colcon.colcon_core.package_identification Level 1 _identify(/home/coena98/room_scanning/nr_manipulator_demo_docker_files/demo_pick_and_place/src/nr_manipulator_software_files/src/xarm_ros2_NR/thirdparty/realsense_gazebo_plugin) by extension 'colcon_meta'
[0.106s] colcon.colcon_core.package_identification Level 1 _identify(/home/coena98/room_scanning/nr_manipulator_demo_docker_files/demo_pick_and_place/src/nr_manipulator_software_files/src/xarm_ros2_NR/thirdparty/realsense_gazebo_plugin) by extensions ['ros']
[0.106s] colcon.colcon_core.package_identification Level 1 _identify(/home/coena98/room_scanning/nr_manipulator_demo_docker_files/demo_pick_and_place/src/nr_manipulator_software_files/src/xarm_ros2_NR/thirdparty/realsense_gazebo_plugin) by extension 'ros'
[0.108s] colcon.colcon_core.package_identification DEBUG Package '/home/coena98/room_scanning/nr_manipulator_demo_docker_files/demo_pick_and_place/src/nr_manipulator_software_files/src/xarm_ros2_NR/thirdparty/realsense_gazebo_plugin' with type 'ros.ament_cmake' and name 'realsense_gazebo_plugin'
[0.108s] colcon.colcon_core.package_identification Level 1 _identify(/home/coena98/room_scanning/nr_manipulator_demo_docker_files/demo_pick_and_place/src/nr_manipulator_software_files/src/xarm_ros2_NR/uf_ros_lib) by extensions ['ignore', 'ignore_ament_install']
[0.108s] colcon.colcon_core.package_identification Level 1 _identify(/home/coena98/room_scanning/nr_manipulator_demo_docker_files/demo_pick_and_place/src/nr_manipulator_software_files/src/xarm_ros2_NR/uf_ros_lib) by extension 'ignore'
[0.108s] colcon.colcon_core.package_identification Level 1 _identify(/home/coena98/room_scanning/nr_manipulator_demo_docker_files/demo_pick_and_place/src/nr_manipulator_software_files/src/xarm_ros2_NR/uf_ros_lib) by extension 'ignore_ament_install'
[0.108s] colcon.colcon_core.package_identification Level 1 _identify(/home/coena98/room_scanning/nr_manipulator_demo_docker_files/demo_pick_and_place/src/nr_manipulator_software_files/src/xarm_ros2_NR/uf_ros_lib) by extensions ['colcon_pkg']
[0.108s] colcon.colcon_core.package_identification Level 1 _identify(/home/coena98/room_scanning/nr_manipulator_demo_docker_files/demo_pick_and_place/src/nr_manipulator_software_files/src/xarm_ros2_NR/uf_ros_lib) by extension 'colcon_pkg'
[0.108s] colcon.colcon_core.package_identification Level 1 _identify(/home/coena98/room_scanning/nr_manipulator_demo_docker_files/demo_pick_and_place/src/nr_manipulator_software_files/src/xarm_ros2_NR/uf_ros_lib) by extensions ['colcon_meta']
[0.108s] colcon.colcon_core.package_identification Level 1 _identify(/home/coena98/room_scanning/nr_manipulator_demo_docker_files/demo_pick_and_place/src/nr_manipulator_software_files/src/xarm_ros2_NR/uf_ros_lib) by extension 'colcon_meta'
[0.108s] colcon.colcon_core.package_identification Level 1 _identify(/home/coena98/room_scanning/nr_manipulator_demo_docker_files/demo_pick_and_place/src/nr_manipulator_software_files/src/xarm_ros2_NR/uf_ros_lib) by extensions ['ros']
[0.108s] colcon.colcon_core.package_identification Level 1 _identify(/home/coena98/room_scanning/nr_manipulator_demo_docker_files/demo_pick_and_place/src/nr_manipulator_software_files/src/xarm_ros2_NR/uf_ros_lib) by extension 'ros'
[0.109s] colcon.colcon_core.package_identification DEBUG Package '/home/coena98/room_scanning/nr_manipulator_demo_docker_files/demo_pick_and_place/src/nr_manipulator_software_files/src/xarm_ros2_NR/uf_ros_lib' with type 'ros.ament_python' and name 'uf_ros_lib'
[0.109s] colcon.colcon_core.package_identification Level 1 _identify(/home/coena98/room_scanning/nr_manipulator_demo_docker_files/demo_pick_and_place/src/nr_manipulator_software_files/src/xarm_ros2_NR/xarm_api) by extensions ['ignore', 'ignore_ament_install']
[0.109s] colcon.colcon_core.package_identification Level 1 _identify(/home/coena98/room_scanning/nr_manipulator_demo_docker_files/demo_pick_and_place/src/nr_manipulator_software_files/src/xarm_ros2_NR/xarm_api) by extension 'ignore'
[0.109s] colcon.colcon_core.package_identification Level 1 _identify(/home/coena98/room_scanning/nr_manipulator_demo_docker_files/demo_pick_and_place/src/nr_manipulator_software_files/src/xarm_ros2_NR/xarm_api) by extension 'ignore_ament_install'
[0.109s] colcon.colcon_core.package_identification Level 1 _identify(/home/coena98/room_scanning/nr_manipulator_demo_docker_files/demo_pick_and_place/src/nr_manipulator_software_files/src/xarm_ros2_NR/xarm_api) by extensions ['colcon_pkg']
[0.109s] colcon.colcon_core.package_identification Level 1 _identify(/home/coena98/room_scanning/nr_manipulator_demo_docker_files/demo_pick_and_place/src/nr_manipulator_software_files/src/xarm_ros2_NR/xarm_api) by extension 'colcon_pkg'
[0.109s] colcon.colcon_core.package_identification Level 1 _identify(/home/coena98/room_scanning/nr_manipulator_demo_docker_files/demo_pick_and_place/src/nr_manipulator_software_files/src/xarm_ros2_NR/xarm_api) by extensions ['colcon_meta']
[0.109s] colcon.colcon_core.package_identification Level 1 _identify(/home/coena98/room_scanning/nr_manipulator_demo_docker_files/demo_pick_and_place/src/nr_manipulator_software_files/src/xarm_ros2_NR/xarm_api) by extension 'colcon_meta'
[0.109s] colcon.colcon_core.package_identification Level 1 _identify(/home/coena98/room_scanning/nr_manipulator_demo_docker_files/demo_pick_and_place/src/nr_manipulator_software_files/src/xarm_ros2_NR/xarm_api) by extensions ['ros']
[0.109s] colcon.colcon_core.package_identification Level 1 _identify(/home/coena98/room_scanning/nr_manipulator_demo_docker_files/demo_pick_and_place/src/nr_manipulator_software_files/src/xarm_ros2_NR/xarm_api) by extension 'ros'
[0.110s] colcon.colcon_core.package_identification DEBUG Package '/home/coena98/room_scanning/nr_manipulator_demo_docker_files/demo_pick_and_place/src/nr_manipulator_software_files/src/xarm_ros2_NR/xarm_api' with type 'ros.ament_cmake' and name 'xarm_api'
[0.110s] colcon.colcon_core.package_identification Level 1 _identify(/home/coena98/room_scanning/nr_manipulator_demo_docker_files/demo_pick_and_place/src/nr_manipulator_software_files/src/xarm_ros2_NR/xarm_controller) by extensions ['ignore', 'ignore_ament_install']
[0.110s] colcon.colcon_core.package_identification Level 1 _identify(/home/coena98/room_scanning/nr_manipulator_demo_docker_files/demo_pick_and_place/src/nr_manipulator_software_files/src/xarm_ros2_NR/xarm_controller) by extension 'ignore'
[0.110s] colcon.colcon_core.package_identification Level 1 _identify(/home/coena98/room_scanning/nr_manipulator_demo_docker_files/demo_pick_and_place/src/nr_manipulator_software_files/src/xarm_ros2_NR/xarm_controller) by extension 'ignore_ament_install'
[0.110s] colcon.colcon_core.package_identification Level 1 _identify(/home/coena98/room_scanning/nr_manipulator_demo_docker_files/demo_pick_and_place/src/nr_manipulator_software_files/src/xarm_ros2_NR/xarm_controller) by extensions ['colcon_pkg']
[0.110s] colcon.colcon_core.package_identification Level 1 _identify(/home/coena98/room_scanning/nr_manipulator_demo_docker_files/demo_pick_and_place/src/nr_manipulator_software_files/src/xarm_ros2_NR/xarm_controller) by extension 'colcon_pkg'
[0.110s] colcon.colcon_core.package_identification Level 1 _identify(/home/coena98/room_scanning/nr_manipulator_demo_docker_files/demo_pick_and_place/src/nr_manipulator_software_files/src/xarm_ros2_NR/xarm_controller) by extensions ['colcon_meta']
[0.110s] colcon.colcon_core.package_identification Level 1 _identify(/home/coena98/room_scanning/nr_manipulator_demo_docker_files/demo_pick_and_place/src/nr_manipulator_software_files/src/xarm_ros2_NR/xarm_controller) by extension 'colcon_meta'
[0.110s] colcon.colcon_core.package_identification Level 1 _identify(/home/coena98/room_scanning/nr_manipulator_demo_docker_files/demo_pick_and_place/src/nr_manipulator_software_files/src/xarm_ros2_NR/xarm_controller) by extensions ['ros']
[0.110s] colcon.colcon_core.package_identification Level 1 _identify(/home/coena98/room_scanning/nr_manipulator_demo_docker_files/demo_pick_and_place/src/nr_manipulator_software_files/src/xarm_ros2_NR/xarm_controller) by extension 'ros'
[0.111s] colcon.colcon_core.package_identification DEBUG Package '/home/coena98/room_scanning/nr_manipulator_demo_docker_files/demo_pick_and_place/src/nr_manipulator_software_files/src/xarm_ros2_NR/xarm_controller' with type 'ros.ament_cmake' and name 'xarm_controller'
[0.111s] colcon.colcon_core.package_identification Level 1 _identify(/home/coena98/room_scanning/nr_manipulator_demo_docker_files/demo_pick_and_place/src/nr_manipulator_software_files/src/xarm_ros2_NR/xarm_description) by extensions ['ignore', 'ignore_ament_install']
[0.111s] colcon.colcon_core.package_identification Level 1 _identify(/home/coena98/room_scanning/nr_manipulator_demo_docker_files/demo_pick_and_place/src/nr_manipulator_software_files/src/xarm_ros2_NR/xarm_description) by extension 'ignore'
[0.111s] colcon.colcon_core.package_identification Level 1 _identify(/home/coena98/room_scanning/nr_manipulator_demo_docker_files/demo_pick_and_place/src/nr_manipulator_software_files/src/xarm_ros2_NR/xarm_description) by extension 'ignore_ament_install'
[0.111s] colcon.colcon_core.package_identification Level 1 _identify(/home/coena98/room_scanning/nr_manipulator_demo_docker_files/demo_pick_and_place/src/nr_manipulator_software_files/src/xarm_ros2_NR/xarm_description) by extensions ['colcon_pkg']
[0.111s] colcon.colcon_core.package_identification Level 1 _identify(/home/coena98/room_scanning/nr_manipulator_demo_docker_files/demo_pick_and_place/src/nr_manipulator_software_files/src/xarm_ros2_NR/xarm_description) by extension 'colcon_pkg'
[0.111s] colcon.colcon_core.package_identification Level 1 _identify(/home/coena98/room_scanning/nr_manipulator_demo_docker_files/demo_pick_and_place/src/nr_manipulator_software_files/src/xarm_ros2_NR/xarm_description) by extensions ['colcon_meta']
[0.111s] colcon.colcon_core.package_identification Level 1 _identify(/home/coena98/room_scanning/nr_manipulator_demo_docker_files/demo_pick_and_place/src/nr_manipulator_software_files/src/xarm_ros2_NR/xarm_description) by extension 'colcon_meta'
[0.111s] colcon.colcon_core.package_identification Level 1 _identify(/home/coena98/room_scanning/nr_manipulator_demo_docker_files/demo_pick_and_place/src/nr_manipulator_software_files/src/xarm_ros2_NR/xarm_description) by extensions ['ros']
[0.111s] colcon.colcon_core.package_identification Level 1 _identify(/home/coena98/room_scanning/nr_manipulator_demo_docker_files/demo_pick_and_place/src/nr_manipulator_software_files/src/xarm_ros2_NR/xarm_description) by extension 'ros'
[0.111s] colcon.colcon_core.package_identification DEBUG Package '/home/coena98/room_scanning/nr_manipulator_demo_docker_files/demo_pick_and_place/src/nr_manipulator_software_files/src/xarm_ros2_NR/xarm_description' with type 'ros.ament_cmake' and name 'xarm_description'
[0.111s] colcon.colcon_core.package_identification Level 1 _identify(/home/coena98/room_scanning/nr_manipulator_demo_docker_files/demo_pick_and_place/src/nr_manipulator_software_files/src/xarm_ros2_NR/xarm_gazebo) by extensions ['ignore', 'ignore_ament_install']
[0.111s] colcon.colcon_core.package_identification Level 1 _identify(/home/coena98/room_scanning/nr_manipulator_demo_docker_files/demo_pick_and_place/src/nr_manipulator_software_files/src/xarm_ros2_NR/xarm_gazebo) by extension 'ignore'
[0.112s] colcon.colcon_core.package_identification Level 1 _identify(/home/coena98/room_scanning/nr_manipulator_demo_docker_files/demo_pick_and_place/src/nr_manipulator_software_files/src/xarm_ros2_NR/xarm_gazebo) by extension 'ignore_ament_install'
[0.112s] colcon.colcon_core.package_identification Level 1 _identify(/home/coena98/room_scanning/nr_manipulator_demo_docker_files/demo_pick_and_place/src/nr_manipulator_software_files/src/xarm_ros2_NR/xarm_gazebo) by extensions ['colcon_pkg']
[0.112s] colcon.colcon_core.package_identification Level 1 _identify(/home/coena98/room_scanning/nr_manipulator_demo_docker_files/demo_pick_and_place/src/nr_manipulator_software_files/src/xarm_ros2_NR/xarm_gazebo) by extension 'colcon_pkg'
[0.112s] colcon.colcon_core.package_identification Level 1 _identify(/home/coena98/room_scanning/nr_manipulator_demo_docker_files/demo_pick_and_place/src/nr_manipulator_software_files/src/xarm_ros2_NR/xarm_gazebo) by extensions ['colcon_meta']
[0.112s] colcon.colcon_core.package_identification Level 1 _identify(/home/coena98/room_scanning/nr_manipulator_demo_docker_files/demo_pick_and_place/src/nr_manipulator_software_files/src/xarm_ros2_NR/xarm_gazebo) by extension 'colcon_meta'
[0.112s] colcon.colcon_core.package_identification Level 1 _identify(/home/coena98/room_scanning/nr_manipulator_demo_docker_files/demo_pick_and_place/src/nr_manipulator_software_files/src/xarm_ros2_NR/xarm_gazebo) by extensions ['ros']
[0.112s] colcon.colcon_core.package_identification Level 1 _identify(/home/coena98/room_scanning/nr_manipulator_demo_docker_files/demo_pick_and_place/src/nr_manipulator_software_files/src/xarm_ros2_NR/xarm_gazebo) by extension 'ros'
[0.112s] colcon.colcon_core.package_identification DEBUG Package '/home/coena98/room_scanning/nr_manipulator_demo_docker_files/demo_pick_and_place/src/nr_manipulator_software_files/src/xarm_ros2_NR/xarm_gazebo' with type 'ros.ament_cmake' and name 'xarm_gazebo'
[0.112s] colcon.colcon_core.package_identification Level 1 _identify(/home/coena98/room_scanning/nr_manipulator_demo_docker_files/demo_pick_and_place/src/nr_manipulator_software_files/src/xarm_ros2_NR/xarm_moveit_config) by extensions ['ignore', 'ignore_ament_install']
[0.112s] colcon.colcon_core.package_identification Level 1 _identify(/home/coena98/room_scanning/nr_manipulator_demo_docker_files/demo_pick_and_place/src/nr_manipulator_software_files/src/xarm_ros2_NR/xarm_moveit_config) by extension 'ignore'
[0.112s] colcon.colcon_core.package_identification Level 1 _identify(/home/coena98/room_scanning/nr_manipulator_demo_docker_files/demo_pick_and_place/src/nr_manipulator_software_files/src/xarm_ros2_NR/xarm_moveit_config) by extension 'ignore_ament_install'
[0.112s] colcon.colcon_core.package_identification Level 1 _identify(/home/coena98/room_scanning/nr_manipulator_demo_docker_files/demo_pick_and_place/src/nr_manipulator_software_files/src/xarm_ros2_NR/xarm_moveit_config) by extensions ['colcon_pkg']
[0.112s] colcon.colcon_core.package_identification Level 1 _identify(/home/coena98/room_scanning/nr_manipulator_demo_docker_files/demo_pick_and_place/src/nr_manipulator_software_files/src/xarm_ros2_NR/xarm_moveit_config) by extension 'colcon_pkg'
[0.112s] colcon.colcon_core.package_identification Level 1 _identify(/home/coena98/room_scanning/nr_manipulator_demo_docker_files/demo_pick_and_place/src/nr_manipulator_software_files/src/xarm_ros2_NR/xarm_moveit_config) by extensions ['colcon_meta']
[0.112s] colcon.colcon_core.package_identification Level 1 _identify(/home/coena98/room_scanning/nr_manipulator_demo_docker_files/demo_pick_and_place/src/nr_manipulator_software_files/src/xarm_ros2_NR/xarm_moveit_config) by extension 'colcon_meta'
[0.112s] colcon.colcon_core.package_identification Level 1 _identify(/home/coena98/room_scanning/nr_manipulator_demo_docker_files/demo_pick_and_place/src/nr_manipulator_software_files/src/xarm_ros2_NR/xarm_moveit_config) by extensions ['ros']
[0.112s] colcon.colcon_core.package_identification Level 1 _identify(/home/coena98/room_scanning/nr_manipulator_demo_docker_files/demo_pick_and_place/src/nr_manipulator_software_files/src/xarm_ros2_NR/xarm_moveit_config) by extension 'ros'
[0.113s] colcon.colcon_core.package_identification DEBUG Package '/home/coena98/room_scanning/nr_manipulator_demo_docker_files/demo_pick_and_place/src/nr_manipulator_software_files/src/xarm_ros2_NR/xarm_moveit_config' with type 'ros.ament_cmake' and name 'xarm_moveit_config'
[0.113s] colcon.colcon_core.package_identification Level 1 _identify(/home/coena98/room_scanning/nr_manipulator_demo_docker_files/demo_pick_and_place/src/nr_manipulator_software_files/src/xarm_ros2_NR/xarm_moveit_servo) by extensions ['ignore', 'ignore_ament_install']
[0.113s] colcon.colcon_core.package_identification Level 1 _identify(/home/coena98/room_scanning/nr_manipulator_demo_docker_files/demo_pick_and_place/src/nr_manipulator_software_files/src/xarm_ros2_NR/xarm_moveit_servo) by extension 'ignore'
[0.113s] colcon.colcon_core.package_identification Level 1 _identify(/home/coena98/room_scanning/nr_manipulator_demo_docker_files/demo_pick_and_place/src/nr_manipulator_software_files/src/xarm_ros2_NR/xarm_moveit_servo) by extension 'ignore_ament_install'
[0.113s] colcon.colcon_core.package_identification Level 1 _identify(/home/coena98/room_scanning/nr_manipulator_demo_docker_files/demo_pick_and_place/src/nr_manipulator_software_files/src/xarm_ros2_NR/xarm_moveit_servo) by extensions ['colcon_pkg']
[0.113s] colcon.colcon_core.package_identification Level 1 _identify(/home/coena98/room_scanning/nr_manipulator_demo_docker_files/demo_pick_and_place/src/nr_manipulator_software_files/src/xarm_ros2_NR/xarm_moveit_servo) by extension 'colcon_pkg'
[0.113s] colcon.colcon_core.package_identification Level 1 _identify(/home/coena98/room_scanning/nr_manipulator_demo_docker_files/demo_pick_and_place/src/nr_manipulator_software_files/src/xarm_ros2_NR/xarm_moveit_servo) by extensions ['colcon_meta']
[0.113s] colcon.colcon_core.package_identification Level 1 _identify(/home/coena98/room_scanning/nr_manipulator_demo_docker_files/demo_pick_and_place/src/nr_manipulator_software_files/src/xarm_ros2_NR/xarm_moveit_servo) by extension 'colcon_meta'
[0.113s] colcon.colcon_core.package_identification Level 1 _identify(/home/coena98/room_scanning/nr_manipulator_demo_docker_files/demo_pick_and_place/src/nr_manipulator_software_files/src/xarm_ros2_NR/xarm_moveit_servo) by extensions ['ros']
[0.113s] colcon.colcon_core.package_identification Level 1 _identify(/home/coena98/room_scanning/nr_manipulator_demo_docker_files/demo_pick_and_place/src/nr_manipulator_software_files/src/xarm_ros2_NR/xarm_moveit_servo) by extension 'ros'
[0.114s] colcon.colcon_core.package_identification DEBUG Package '/home/coena98/room_scanning/nr_manipulator_demo_docker_files/demo_pick_and_place/src/nr_manipulator_software_files/src/xarm_ros2_NR/xarm_moveit_servo' with type 'ros.ament_cmake' and name 'xarm_moveit_servo'
[0.114s] colcon.colcon_core.package_identification Level 1 _identify(/home/coena98/room_scanning/nr_manipulator_demo_docker_files/demo_pick_and_place/src/nr_manipulator_software_files/src/xarm_ros2_NR/xarm_msgs) by extensions ['ignore', 'ignore_ament_install']
[0.114s] colcon.colcon_core.package_identification Level 1 _identify(/home/coena98/room_scanning/nr_manipulator_demo_docker_files/demo_pick_and_place/src/nr_manipulator_software_files/src/xarm_ros2_NR/xarm_msgs) by extension 'ignore'
[0.114s] colcon.colcon_core.package_identification Level 1 _identify(/home/coena98/room_scanning/nr_manipulator_demo_docker_files/demo_pick_and_place/src/nr_manipulator_software_files/src/xarm_ros2_NR/xarm_msgs) by extension 'ignore_ament_install'
[0.114s] colcon.colcon_core.package_identification Level 1 _identify(/home/coena98/room_scanning/nr_manipulator_demo_docker_files/demo_pick_and_place/src/nr_manipulator_software_files/src/xarm_ros2_NR/xarm_msgs) by extensions ['colcon_pkg']
[0.114s] colcon.colcon_core.package_identification Level 1 _identify(/home/coena98/room_scanning/nr_manipulator_demo_docker_files/demo_pick_and_place/src/nr_manipulator_software_files/src/xarm_ros2_NR/xarm_msgs) by extension 'colcon_pkg'
[0.114s] colcon.colcon_core.package_identification Level 1 _identify(/home/coena98/room_scanning/nr_manipulator_demo_docker_files/demo_pick_and_place/src/nr_manipulator_software_files/src/xarm_ros2_NR/xarm_msgs) by extensions ['colcon_meta']
[0.114s] colcon.colcon_core.package_identification Level 1 _identify(/home/coena98/room_scanning/nr_manipulator_demo_docker_files/demo_pick_and_place/src/nr_manipulator_software_files/src/xarm_ros2_NR/xarm_msgs) by extension 'colcon_meta'
[0.114s] colcon.colcon_core.package_identification Level 1 _identify(/home/coena98/room_scanning/nr_manipulator_demo_docker_files/demo_pick_and_place/src/nr_manipulator_software_files/src/xarm_ros2_NR/xarm_msgs) by extensions ['ros']
[0.114s] colcon.colcon_core.package_identification Level 1 _identify(/home/coena98/room_scanning/nr_manipulator_demo_docker_files/demo_pick_and_place/src/nr_manipulator_software_files/src/xarm_ros2_NR/xarm_msgs) by extension 'ros'
[0.115s] colcon.colcon_core.package_identification DEBUG Package '/home/coena98/room_scanning/nr_manipulator_demo_docker_files/demo_pick_and_place/src/nr_manipulator_software_files/src/xarm_ros2_NR/xarm_msgs' with type 'ros.ament_cmake' and name 'xarm_msgs'
[0.115s] colcon.colcon_core.package_identification Level 1 _identify(/home/coena98/room_scanning/nr_manipulator_demo_docker_files/demo_pick_and_place/src/nr_manipulator_software_files/src/xarm_ros2_NR/xarm_planner) by extensions ['ignore', 'ignore_ament_install']
[0.115s] colcon.colcon_core.package_identification Level 1 _identify(/home/coena98/room_scanning/nr_manipulator_demo_docker_files/demo_pick_and_place/src/nr_manipulator_software_files/src/xarm_ros2_NR/xarm_planner) by extension 'ignore'
[0.115s] colcon.colcon_core.package_identification Level 1 _identify(/home/coena98/room_scanning/nr_manipulator_demo_docker_files/demo_pick_and_place/src/nr_manipulator_software_files/src/xarm_ros2_NR/xarm_planner) by extension 'ignore_ament_install'
[0.115s] colcon.colcon_core.package_identification Level 1 _identify(/home/coena98/room_scanning/nr_manipulator_demo_docker_files/demo_pick_and_place/src/nr_manipulator_software_files/src/xarm_ros2_NR/xarm_planner) by extensions ['colcon_pkg']
[0.115s] colcon.colcon_core.package_identification Level 1 _identify(/home/coena98/room_scanning/nr_manipulator_demo_docker_files/demo_pick_and_place/src/nr_manipulator_software_files/src/xarm_ros2_NR/xarm_planner) by extension 'colcon_pkg'
[0.115s] colcon.colcon_core.package_identification Level 1 _identify(/home/coena98/room_scanning/nr_manipulator_demo_docker_files/demo_pick_and_place/src/nr_manipulator_software_files/src/xarm_ros2_NR/xarm_planner) by extensions ['colcon_meta']
[0.115s] colcon.colcon_core.package_identification Level 1 _identify(/home/coena98/room_scanning/nr_manipulator_demo_docker_files/demo_pick_and_place/src/nr_manipulator_software_files/src/xarm_ros2_NR/xarm_planner) by extension 'colcon_meta'
[0.115s] colcon.colcon_core.package_identification Level 1 _identify(/home/coena98/room_scanning/nr_manipulator_demo_docker_files/demo_pick_and_place/src/nr_manipulator_software_files/src/xarm_ros2_NR/xarm_planner) by extensions ['ros']
[0.115s] colcon.colcon_core.package_identification Level 1 _identify(/home/coena98/room_scanning/nr_manipulator_demo_docker_files/demo_pick_and_place/src/nr_manipulator_software_files/src/xarm_ros2_NR/xarm_planner) by extension 'ros'
[0.116s] colcon.colcon_core.package_identification DEBUG Package '/home/coena98/room_scanning/nr_manipulator_demo_docker_files/demo_pick_and_place/src/nr_manipulator_software_files/src/xarm_ros2_NR/xarm_planner' with type 'ros.ament_cmake' and name 'xarm_planner'
[0.116s] colcon.colcon_core.package_identification Level 1 _identify(/home/coena98/room_scanning/nr_manipulator_demo_docker_files/demo_pick_and_place/src/nr_manipulator_software_files/src/xarm_ros2_NR/xarm_sdk) by extensions ['ignore', 'ignore_ament_install']
[0.116s] colcon.colcon_core.package_identification Level 1 _identify(/home/coena98/room_scanning/nr_manipulator_demo_docker_files/demo_pick_and_place/src/nr_manipulator_software_files/src/xarm_ros2_NR/xarm_sdk) by extension 'ignore'
[0.116s] colcon.colcon_core.package_identification Level 1 _identify(/home/coena98/room_scanning/nr_manipulator_demo_docker_files/demo_pick_and_place/src/nr_manipulator_software_files/src/xarm_ros2_NR/xarm_sdk) by extension 'ignore_ament_install'
[0.116s] colcon.colcon_core.package_identification Level 1 _identify(/home/coena98/room_scanning/nr_manipulator_demo_docker_files/demo_pick_and_place/src/nr_manipulator_software_files/src/xarm_ros2_NR/xarm_sdk) by extensions ['colcon_pkg']
[0.116s] colcon.colcon_core.package_identification Level 1 _identify(/home/coena98/room_scanning/nr_manipulator_demo_docker_files/demo_pick_and_place/src/nr_manipulator_software_files/src/xarm_ros2_NR/xarm_sdk) by extension 'colcon_pkg'
[0.116s] colcon.colcon_core.package_identification Level 1 _identify(/home/coena98/room_scanning/nr_manipulator_demo_docker_files/demo_pick_and_place/src/nr_manipulator_software_files/src/xarm_ros2_NR/xarm_sdk) by extensions ['colcon_meta']
[0.116s] colcon.colcon_core.package_identification Level 1 _identify(/home/coena98/room_scanning/nr_manipulator_demo_docker_files/demo_pick_and_place/src/nr_manipulator_software_files/src/xarm_ros2_NR/xarm_sdk) by extension 'colcon_meta'
[0.116s] colcon.colcon_core.package_identification Level 1 _identify(/home/coena98/room_scanning/nr_manipulator_demo_docker_files/demo_pick_and_place/src/nr_manipulator_software_files/src/xarm_ros2_NR/xarm_sdk) by extensions ['ros']
[0.116s] colcon.colcon_core.package_identification Level 1 _identify(/home/coena98/room_scanning/nr_manipulator_demo_docker_files/demo_pick_and_place/src/nr_manipulator_software_files/src/xarm_ros2_NR/xarm_sdk) by extension 'ros'
[0.116s] colcon.colcon_core.package_identification DEBUG Package '/home/coena98/room_scanning/nr_manipulator_demo_docker_files/demo_pick_and_place/src/nr_manipulator_software_files/src/xarm_ros2_NR/xarm_sdk' with type 'ros.ament_cmake' and name 'xarm_sdk'
[0.116s] colcon.colcon_core.package_identification Level 1 _identify(/home/coena98/room_scanning/nr_manipulator_demo_docker_files/demo_pick_and_place/static) by extensions ['ignore', 'ignore_ament_install']
[0.116s] colcon.colcon_core.package_identification Level 1 _identify(/home/coena98/room_scanning/nr_manipulator_demo_docker_files/demo_pick_and_place/static) by extension 'ignore'
[0.116s] colcon.colcon_core.package_identification Level 1 _identify(/home/coena98/room_scanning/nr_manipulator_demo_docker_files/demo_pick_and_place/static) by extension 'ignore_ament_install'
[0.116s] colcon.colcon_core.package_identification Level 1 _identify(/home/coena98/room_scanning/nr_manipulator_demo_docker_files/demo_pick_and_place/static) by extensions ['colcon_pkg']
[0.116s] colcon.colcon_core.package_identification Level 1 _identify(/home/coena98/room_scanning/nr_manipulator_demo_docker_files/demo_pick_and_place/static) by extension 'colcon_pkg'
[0.116s] colcon.colcon_core.package_identification Level 1 _identify(/home/coena98/room_scanning/nr_manipulator_demo_docker_files/demo_pick_and_place/static) by extensions ['colcon_meta']
[0.116s] colcon.colcon_core.package_identification Level 1 _identify(/home/coena98/room_scanning/nr_manipulator_demo_docker_files/demo_pick_and_place/static) by extension 'colcon_meta'
[0.116s] colcon.colcon_core.package_identification Level 1 _identify(/home/coena98/room_scanning/nr_manipulator_demo_docker_files/demo_pick_and_place/static) by extensions ['ros']
[0.116s] colcon.colcon_core.package_identification Level 1 _identify(/home/coena98/room_scanning/nr_manipulator_demo_docker_files/demo_pick_and_place/static) by extension 'ros'
[0.116s] colcon.colcon_core.package_identification Level 1 _identify(/home/coena98/room_scanning/nr_manipulator_demo_docker_files/demo_pick_and_place/static) by extensions ['cmake', 'python']
[0.116s] colcon.colcon_core.package_identification Level 1 _identify(/home/coena98/room_scanning/nr_manipulator_demo_docker_files/demo_pick_and_place/static) by extension 'cmake'
[0.116s] colcon.colcon_core.package_identification Level 1 _identify(/home/coena98/room_scanning/nr_manipulator_demo_docker_files/demo_pick_and_place/static) by extension 'python'
[0.116s] colcon.colcon_core.package_identification Level 1 _identify(/home/coena98/room_scanning/nr_manipulator_demo_docker_files/demo_pick_and_place/static) by extensions ['python_setup_py']
[0.116s] colcon.colcon_core.package_identification Level 1 _identify(/home/coena98/room_scanning/nr_manipulator_demo_docker_files/demo_pick_and_place/static) by extension 'python_setup_py'
[0.117s] colcon.colcon_core.package_identification Level 1 _identify(/home/coena98/room_scanning/nr_manipulator_demo_docker_files/demo_pick_and_place/static/assets) by extensions ['ignore', 'ignore_ament_install']
[0.117s] colcon.colcon_core.package_identification Level 1 _identify(/home/coena98/room_scanning/nr_manipulator_demo_docker_files/demo_pick_and_place/static/assets) by extension 'ignore'
[0.117s] colcon.colcon_core.package_identification Level 1 _identify(/home/coena98/room_scanning/nr_manipulator_demo_docker_files/demo_pick_and_place/static/assets) by extension 'ignore_ament_install'
[0.117s] colcon.colcon_core.package_identification Level 1 _identify(/home/coena98/room_scanning/nr_manipulator_demo_docker_files/demo_pick_and_place/static/assets) by extensions ['colcon_pkg']
[0.117s] colcon.colcon_core.package_identification Level 1 _identify(/home/coena98/room_scanning/nr_manipulator_demo_docker_files/demo_pick_and_place/static/assets) by extension 'colcon_pkg'
[0.117s] colcon.colcon_core.package_identification Level 1 _identify(/home/coena98/room_scanning/nr_manipulator_demo_docker_files/demo_pick_and_place/static/assets) by extensions ['colcon_meta']
[0.117s] colcon.colcon_core.package_identification Level 1 _identify(/home/coena98/room_scanning/nr_manipulator_demo_docker_files/demo_pick_and_place/static/assets) by extension 'colcon_meta'
[0.117s] colcon.colcon_core.package_identification Level 1 _identify(/home/coena98/room_scanning/nr_manipulator_demo_docker_files/demo_pick_and_place/static/assets) by extensions ['ros']
[0.117s] colcon.colcon_core.package_identification Level 1 _identify(/home/coena98/room_scanning/nr_manipulator_demo_docker_files/demo_pick_and_place/static/assets) by extension 'ros'
[0.117s] colcon.colcon_core.package_identification Level 1 _identify(/home/coena98/room_scanning/nr_manipulator_demo_docker_files/demo_pick_and_place/static/assets) by extensions ['cmake', 'python']
[0.117s] colcon.colcon_core.package_identification Level 1 _identify(/home/coena98/room_scanning/nr_manipulator_demo_docker_files/demo_pick_and_place/static/assets) by extension 'cmake'
[0.117s] colcon.colcon_core.package_identification Level 1 _identify(/home/coena98/room_scanning/nr_manipulator_demo_docker_files/demo_pick_and_place/static/assets) by extension 'python'
[0.117s] colcon.colcon_core.package_identification Level 1 _identify(/home/coena98/room_scanning/nr_manipulator_demo_docker_files/demo_pick_and_place/static/assets) by extensions ['python_setup_py']
[0.117s] colcon.colcon_core.package_identification Level 1 _identify(/home/coena98/room_scanning/nr_manipulator_demo_docker_files/demo_pick_and_place/static/assets) by extension 'python_setup_py'
[0.117s] colcon.colcon_core.package_identification Level 1 _identify(/home/coena98/room_scanning/nr_manipulator_demo_docker_files/demo_pick_and_place/static/assets/css) by extensions ['ignore', 'ignore_ament_install']
[0.117s] colcon.colcon_core.package_identification Level 1 _identify(/home/coena98/room_scanning/nr_manipulator_demo_docker_files/demo_pick_and_place/static/assets/css) by extension 'ignore'
[0.117s] colcon.colcon_core.package_identification Level 1 _identify(/home/coena98/room_scanning/nr_manipulator_demo_docker_files/demo_pick_and_place/static/assets/css) by extension 'ignore_ament_install'
[0.117s] colcon.colcon_core.package_identification Level 1 _identify(/home/coena98/room_scanning/nr_manipulator_demo_docker_files/demo_pick_and_place/static/assets/css) by extensions ['colcon_pkg']
[0.117s] colcon.colcon_core.package_identification Level 1 _identify(/home/coena98/room_scanning/nr_manipulator_demo_docker_files/demo_pick_and_place/static/assets/css) by extension 'colcon_pkg'
[0.117s] colcon.colcon_core.package_identification Level 1 _identify(/home/coena98/room_scanning/nr_manipulator_demo_docker_files/demo_pick_and_place/static/assets/css) by extensions ['colcon_meta']
[0.117s] colcon.colcon_core.package_identification Level 1 _identify(/home/coena98/room_scanning/nr_manipulator_demo_docker_files/demo_pick_and_place/static/assets/css) by extension 'colcon_meta'
[0.117s] colcon.colcon_core.package_identification Level 1 _identify(/home/coena98/room_scanning/nr_manipulator_demo_docker_files/demo_pick_and_place/static/assets/css) by extensions ['ros']
[0.117s] colcon.colcon_core.package_identification Level 1 _identify(/home/coena98/room_scanning/nr_manipulator_demo_docker_files/demo_pick_and_place/static/assets/css) by extension 'ros'
[0.117s] colcon.colcon_core.package_identification Level 1 _identify(/home/coena98/room_scanning/nr_manipulator_demo_docker_files/demo_pick_and_place/static/assets/css) by extensions ['cmake', 'python']
[0.117s] colcon.colcon_core.package_identification Level 1 _identify(/home/coena98/room_scanning/nr_manipulator_demo_docker_files/demo_pick_and_place/static/assets/css) by extension 'cmake'
[0.117s] colcon.colcon_core.package_identification Level 1 _identify(/home/coena98/room_scanning/nr_manipulator_demo_docker_files/demo_pick_and_place/static/assets/css) by extension 'python'
[0.117s] colcon.colcon_core.package_identification Level 1 _identify(/home/coena98/room_scanning/nr_manipulator_demo_docker_files/demo_pick_and_place/static/assets/css) by extensions ['python_setup_py']
[0.117s] colcon.colcon_core.package_identification Level 1 _identify(/home/coena98/room_scanning/nr_manipulator_demo_docker_files/demo_pick_and_place/static/assets/css) by extension 'python_setup_py'
[0.117s] colcon.colcon_core.package_identification Level 1 _identify(/home/coena98/room_scanning/nr_manipulator_demo_docker_files/demo_pick_and_place/static/assets/css/images) by extensions ['ignore', 'ignore_ament_install']
[0.117s] colcon.colcon_core.package_identification Level 1 _identify(/home/coena98/room_scanning/nr_manipulator_demo_docker_files/demo_pick_and_place/static/assets/css/images) by extension 'ignore'
[0.117s] colcon.colcon_core.package_identification Level 1 _identify(/home/coena98/room_scanning/nr_manipulator_demo_docker_files/demo_pick_and_place/static/assets/css/images) by extension 'ignore_ament_install'
[0.117s] colcon.colcon_core.package_identification Level 1 _identify(/home/coena98/room_scanning/nr_manipulator_demo_docker_files/demo_pick_and_place/static/assets/css/images) by extensions ['colcon_pkg']
[0.117s] colcon.colcon_core.package_identification Level 1 _identify(/home/coena98/room_scanning/nr_manipulator_demo_docker_files/demo_pick_and_place/static/assets/css/images) by extension 'colcon_pkg'
[0.117s] colcon.colcon_core.package_identification Level 1 _identify(/home/coena98/room_scanning/nr_manipulator_demo_docker_files/demo_pick_and_place/static/assets/css/images) by extensions ['colcon_meta']
[0.117s] colcon.colcon_core.package_identification Level 1 _identify(/home/coena98/room_scanning/nr_manipulator_demo_docker_files/demo_pick_and_place/static/assets/css/images) by extension 'colcon_meta'
[0.117s] colcon.colcon_core.package_identification Level 1 _identify(/home/coena98/room_scanning/nr_manipulator_demo_docker_files/demo_pick_and_place/static/assets/css/images) by extensions ['ros']
[0.117s] colcon.colcon_core.package_identification Level 1 _identify(/home/coena98/room_scanning/nr_manipulator_demo_docker_files/demo_pick_and_place/static/assets/css/images) by extension 'ros'
[0.117s] colcon.colcon_core.package_identification Level 1 _identify(/home/coena98/room_scanning/nr_manipulator_demo_docker_files/demo_pick_and_place/static/assets/css/images) by extensions ['cmake', 'python']
[0.117s] colcon.colcon_core.package_identification Level 1 _identify(/home/coena98/room_scanning/nr_manipulator_demo_docker_files/demo_pick_and_place/static/assets/css/images) by extension 'cmake'
[0.118s] colcon.colcon_core.package_identification Level 1 _identify(/home/coena98/room_scanning/nr_manipulator_demo_docker_files/demo_pick_and_place/static/assets/css/images) by extension 'python'
[0.118s] colcon.colcon_core.package_identification Level 1 _identify(/home/coena98/room_scanning/nr_manipulator_demo_docker_files/demo_pick_and_place/static/assets/css/images) by extensions ['python_setup_py']
[0.118s] colcon.colcon_core.package_identification Level 1 _identify(/home/coena98/room_scanning/nr_manipulator_demo_docker_files/demo_pick_and_place/static/assets/css/images) by extension 'python_setup_py'
[0.118s] colcon.colcon_core.package_identification Level 1 _identify(/home/coena98/room_scanning/nr_manipulator_demo_docker_files/demo_pick_and_place/static/assets/images) by extensions ['ignore', 'ignore_ament_install']
[0.118s] colcon.colcon_core.package_identification Level 1 _identify(/home/coena98/room_scanning/nr_manipulator_demo_docker_files/demo_pick_and_place/static/assets/images) by extension 'ignore'
[0.118s] colcon.colcon_core.package_identification Level 1 _identify(/home/coena98/room_scanning/nr_manipulator_demo_docker_files/demo_pick_and_place/static/assets/images) by extension 'ignore_ament_install'
[0.118s] colcon.colcon_core.package_identification Level 1 _identify(/home/coena98/room_scanning/nr_manipulator_demo_docker_files/demo_pick_and_place/static/assets/images) by extensions ['colcon_pkg']
[0.118s] colcon.colcon_core.package_identification Level 1 _identify(/home/coena98/room_scanning/nr_manipulator_demo_docker_files/demo_pick_and_place/static/assets/images) by extension 'colcon_pkg'
[0.118s] colcon.colcon_core.package_identification Level 1 _identify(/home/coena98/room_scanning/nr_manipulator_demo_docker_files/demo_pick_and_place/static/assets/images) by extensions ['colcon_meta']
[0.118s] colcon.colcon_core.package_identification Level 1 _identify(/home/coena98/room_scanning/nr_manipulator_demo_docker_files/demo_pick_and_place/static/assets/images) by extension 'colcon_meta'
[0.118s] colcon.colcon_core.package_identification Level 1 _identify(/home/coena98/room_scanning/nr_manipulator_demo_docker_files/demo_pick_and_place/static/assets/images) by extensions ['ros']
[0.118s] colcon.colcon_core.package_identification Level 1 _identify(/home/coena98/room_scanning/nr_manipulator_demo_docker_files/demo_pick_and_place/static/assets/images) by extension 'ros'
[0.118s] colcon.colcon_core.package_identification Level 1 _identify(/home/coena98/room_scanning/nr_manipulator_demo_docker_files/demo_pick_and_place/static/assets/images) by extensions ['cmake', 'python']
[0.118s] colcon.colcon_core.package_identification Level 1 _identify(/home/coena98/room_scanning/nr_manipulator_demo_docker_files/demo_pick_and_place/static/assets/images) by extension 'cmake'
[0.118s] colcon.colcon_core.package_identification Level 1 _identify(/home/coena98/room_scanning/nr_manipulator_demo_docker_files/demo_pick_and_place/static/assets/images) by extension 'python'
[0.118s] colcon.colcon_core.package_identification Level 1 _identify(/home/coena98/room_scanning/nr_manipulator_demo_docker_files/demo_pick_and_place/static/assets/images) by extensions ['python_setup_py']
[0.118s] colcon.colcon_core.package_identification Level 1 _identify(/home/coena98/room_scanning/nr_manipulator_demo_docker_files/demo_pick_and_place/static/assets/images) by extension 'python_setup_py'
[0.118s] colcon.colcon_core.package_identification Level 1 _identify(/home/coena98/room_scanning/nr_manipulator_demo_docker_files/demo_pick_and_place/static/assets/js) by extensions ['ignore', 'ignore_ament_install']
[0.118s] colcon.colcon_core.package_identification Level 1 _identify(/home/coena98/room_scanning/nr_manipulator_demo_docker_files/demo_pick_and_place/static/assets/js) by extension 'ignore'
[0.118s] colcon.colcon_core.package_identification Level 1 _identify(/home/coena98/room_scanning/nr_manipulator_demo_docker_files/demo_pick_and_place/static/assets/js) by extension 'ignore_ament_install'
[0.118s] colcon.colcon_core.package_identification Level 1 _identify(/home/coena98/room_scanning/nr_manipulator_demo_docker_files/demo_pick_and_place/static/assets/js) by extensions ['colcon_pkg']
[0.118s] colcon.colcon_core.package_identification Level 1 _identify(/home/coena98/room_scanning/nr_manipulator_demo_docker_files/demo_pick_and_place/static/assets/js) by extension 'colcon_pkg'
[0.118s] colcon.colcon_core.package_identification Level 1 _identify(/home/coena98/room_scanning/nr_manipulator_demo_docker_files/demo_pick_and_place/static/assets/js) by extensions ['colcon_meta']
[0.118s] colcon.colcon_core.package_identification Level 1 _identify(/home/coena98/room_scanning/nr_manipulator_demo_docker_files/demo_pick_and_place/static/assets/js) by extension 'colcon_meta'
[0.118s] colcon.colcon_core.package_identification Level 1 _identify(/home/coena98/room_scanning/nr_manipulator_demo_docker_files/demo_pick_and_place/static/assets/js) by extensions ['ros']
[0.118s] colcon.colcon_core.package_identification Level 1 _identify(/home/coena98/room_scanning/nr_manipulator_demo_docker_files/demo_pick_and_place/static/assets/js) by extension 'ros'
[0.118s] colcon.colcon_core.package_identification Level 1 _identify(/home/coena98/room_scanning/nr_manipulator_demo_docker_files/demo_pick_and_place/static/assets/js) by extensions ['cmake', 'python']
[0.118s] colcon.colcon_core.package_identification Level 1 _identify(/home/coena98/room_scanning/nr_manipulator_demo_docker_files/demo_pick_and_place/static/assets/js) by extension 'cmake'
[0.118s] colcon.colcon_core.package_identification Level 1 _identify(/home/coena98/room_scanning/nr_manipulator_demo_docker_files/demo_pick_and_place/static/assets/js) by extension 'python'
[0.118s] colcon.colcon_core.package_identification Level 1 _identify(/home/coena98/room_scanning/nr_manipulator_demo_docker_files/demo_pick_and_place/static/assets/js) by extensions ['python_setup_py']
[0.118s] colcon.colcon_core.package_identification Level 1 _identify(/home/coena98/room_scanning/nr_manipulator_demo_docker_files/demo_pick_and_place/static/assets/js) by extension 'python_setup_py'
[0.118s] colcon.colcon_core.package_identification Level 1 _identify(/home/coena98/room_scanning/nr_manipulator_demo_docker_files/demo_pick_and_place/static/assets/sass) by extensions ['ignore', 'ignore_ament_install']
[0.118s] colcon.colcon_core.package_identification Level 1 _identify(/home/coena98/room_scanning/nr_manipulator_demo_docker_files/demo_pick_and_place/static/assets/sass) by extension 'ignore'
[0.118s] colcon.colcon_core.package_identification Level 1 _identify(/home/coena98/room_scanning/nr_manipulator_demo_docker_files/demo_pick_and_place/static/assets/sass) by extension 'ignore_ament_install'
[0.118s] colcon.colcon_core.package_identification Level 1 _identify(/home/coena98/room_scanning/nr_manipulator_demo_docker_files/demo_pick_and_place/static/assets/sass) by extensions ['colcon_pkg']
[0.118s] colcon.colcon_core.package_identification Level 1 _identify(/home/coena98/room_scanning/nr_manipulator_demo_docker_files/demo_pick_and_place/static/assets/sass) by extension 'colcon_pkg'
[0.118s] colcon.colcon_core.package_identification Level 1 _identify(/home/coena98/room_scanning/nr_manipulator_demo_docker_files/demo_pick_and_place/static/assets/sass) by extensions ['colcon_meta']
[0.118s] colcon.colcon_core.package_identification Level 1 _identify(/home/coena98/room_scanning/nr_manipulator_demo_docker_files/demo_pick_and_place/static/assets/sass) by extension 'colcon_meta'
[0.118s] colcon.colcon_core.package_identification Level 1 _identify(/home/coena98/room_scanning/nr_manipulator_demo_docker_files/demo_pick_and_place/static/assets/sass) by extensions ['ros']
[0.118s] colcon.colcon_core.package_identification Level 1 _identify(/home/coena98/room_scanning/nr_manipulator_demo_docker_files/demo_pick_and_place/static/assets/sass) by extension 'ros'
[0.118s] colcon.colcon_core.package_identification Level 1 _identify(/home/coena98/room_scanning/nr_manipulator_demo_docker_files/demo_pick_and_place/static/assets/sass) by extensions ['cmake', 'python']
[0.118s] colcon.colcon_core.package_identification Level 1 _identify(/home/coena98/room_scanning/nr_manipulator_demo_docker_files/demo_pick_and_place/static/assets/sass) by extension 'cmake'
[0.119s] colcon.colcon_core.package_identification Level 1 _identify(/home/coena98/room_scanning/nr_manipulator_demo_docker_files/demo_pick_and_place/static/assets/sass) by extension 'python'
[0.119s] colcon.colcon_core.package_identification Level 1 _identify(/home/coena98/room_scanning/nr_manipulator_demo_docker_files/demo_pick_and_place/static/assets/sass) by extensions ['python_setup_py']
[0.119s] colcon.colcon_core.package_identification Level 1 _identify(/home/coena98/room_scanning/nr_manipulator_demo_docker_files/demo_pick_and_place/static/assets/sass) by extension 'python_setup_py'
[0.119s] colcon.colcon_core.package_identification Level 1 _identify(/home/coena98/room_scanning/nr_manipulator_demo_docker_files/demo_pick_and_place/static/assets/sass/base) by extensions ['ignore', 'ignore_ament_install']
[0.119s] colcon.colcon_core.package_identification Level 1 _identify(/home/coena98/room_scanning/nr_manipulator_demo_docker_files/demo_pick_and_place/static/assets/sass/base) by extension 'ignore'
[0.119s] colcon.colcon_core.package_identification Level 1 _identify(/home/coena98/room_scanning/nr_manipulator_demo_docker_files/demo_pick_and_place/static/assets/sass/base) by extension 'ignore_ament_install'
[0.119s] colcon.colcon_core.package_identification Level 1 _identify(/home/coena98/room_scanning/nr_manipulator_demo_docker_files/demo_pick_and_place/static/assets/sass/base) by extensions ['colcon_pkg']
[0.119s] colcon.colcon_core.package_identification Level 1 _identify(/home/coena98/room_scanning/nr_manipulator_demo_docker_files/demo_pick_and_place/static/assets/sass/base) by extension 'colcon_pkg'
[0.119s] colcon.colcon_core.package_identification Level 1 _identify(/home/coena98/room_scanning/nr_manipulator_demo_docker_files/demo_pick_and_place/static/assets/sass/base) by extensions ['colcon_meta']
[0.119s] colcon.colcon_core.package_identification Level 1 _identify(/home/coena98/room_scanning/nr_manipulator_demo_docker_files/demo_pick_and_place/static/assets/sass/base) by extension 'colcon_meta'
[0.119s] colcon.colcon_core.package_identification Level 1 _identify(/home/coena98/room_scanning/nr_manipulator_demo_docker_files/demo_pick_and_place/static/assets/sass/base) by extensions ['ros']
[0.119s] colcon.colcon_core.package_identification Level 1 _identify(/home/coena98/room_scanning/nr_manipulator_demo_docker_files/demo_pick_and_place/static/assets/sass/base) by extension 'ros'
[0.119s] colcon.colcon_core.package_identification Level 1 _identify(/home/coena98/room_scanning/nr_manipulator_demo_docker_files/demo_pick_and_place/static/assets/sass/base) by extensions ['cmake', 'python']
[0.119s] colcon.colcon_core.package_identification Level 1 _identify(/home/coena98/room_scanning/nr_manipulator_demo_docker_files/demo_pick_and_place/static/assets/sass/base) by extension 'cmake'
[0.119s] colcon.colcon_core.package_identification Level 1 _identify(/home/coena98/room_scanning/nr_manipulator_demo_docker_files/demo_pick_and_place/static/assets/sass/base) by extension 'python'
[0.119s] colcon.colcon_core.package_identification Level 1 _identify(/home/coena98/room_scanning/nr_manipulator_demo_docker_files/demo_pick_and_place/static/assets/sass/base) by extensions ['python_setup_py']
[0.119s] colcon.colcon_core.package_identification Level 1 _identify(/home/coena98/room_scanning/nr_manipulator_demo_docker_files/demo_pick_and_place/static/assets/sass/base) by extension 'python_setup_py'
[0.119s] colcon.colcon_core.package_identification Level 1 _identify(/home/coena98/room_scanning/nr_manipulator_demo_docker_files/demo_pick_and_place/static/assets/sass/components) by extensions ['ignore', 'ignore_ament_install']
[0.119s] colcon.colcon_core.package_identification Level 1 _identify(/home/coena98/room_scanning/nr_manipulator_demo_docker_files/demo_pick_and_place/static/assets/sass/components) by extension 'ignore'
[0.119s] colcon.colcon_core.package_identification Level 1 _identify(/home/coena98/room_scanning/nr_manipulator_demo_docker_files/demo_pick_and_place/static/assets/sass/components) by extension 'ignore_ament_install'
[0.119s] colcon.colcon_core.package_identification Level 1 _identify(/home/coena98/room_scanning/nr_manipulator_demo_docker_files/demo_pick_and_place/static/assets/sass/components) by extensions ['colcon_pkg']
[0.119s] colcon.colcon_core.package_identification Level 1 _identify(/home/coena98/room_scanning/nr_manipulator_demo_docker_files/demo_pick_and_place/static/assets/sass/components) by extension 'colcon_pkg'
[0.119s] colcon.colcon_core.package_identification Level 1 _identify(/home/coena98/room_scanning/nr_manipulator_demo_docker_files/demo_pick_and_place/static/assets/sass/components) by extensions ['colcon_meta']
[0.119s] colcon.colcon_core.package_identification Level 1 _identify(/home/coena98/room_scanning/nr_manipulator_demo_docker_files/demo_pick_and_place/static/assets/sass/components) by extension 'colcon_meta'
[0.119s] colcon.colcon_core.package_identification Level 1 _identify(/home/coena98/room_scanning/nr_manipulator_demo_docker_files/demo_pick_and_place/static/assets/sass/components) by extensions ['ros']
[0.119s] colcon.colcon_core.package_identification Level 1 _identify(/home/coena98/room_scanning/nr_manipulator_demo_docker_files/demo_pick_and_place/static/assets/sass/components) by extension 'ros'
[0.119s] colcon.colcon_core.package_identification Level 1 _identify(/home/coena98/room_scanning/nr_manipulator_demo_docker_files/demo_pick_and_place/static/assets/sass/components) by extensions ['cmake', 'python']
[0.119s] colcon.colcon_core.package_identification Level 1 _identify(/home/coena98/room_scanning/nr_manipulator_demo_docker_files/demo_pick_and_place/static/assets/sass/components) by extension 'cmake'
[0.119s] colcon.colcon_core.package_identification Level 1 _identify(/home/coena98/room_scanning/nr_manipulator_demo_docker_files/demo_pick_and_place/static/assets/sass/components) by extension 'python'
[0.119s] colcon.colcon_core.package_identification Level 1 _identify(/home/coena98/room_scanning/nr_manipulator_demo_docker_files/demo_pick_and_place/static/assets/sass/components) by extensions ['python_setup_py']
[0.119s] colcon.colcon_core.package_identification Level 1 _identify(/home/coena98/room_scanning/nr_manipulator_demo_docker_files/demo_pick_and_place/static/assets/sass/components) by extension 'python_setup_py'
[0.119s] colcon.colcon_core.package_identification Level 1 _identify(/home/coena98/room_scanning/nr_manipulator_demo_docker_files/demo_pick_and_place/static/assets/sass/layout) by extensions ['ignore', 'ignore_ament_install']
[0.119s] colcon.colcon_core.package_identification Level 1 _identify(/home/coena98/room_scanning/nr_manipulator_demo_docker_files/demo_pick_and_place/static/assets/sass/layout) by extension 'ignore'
[0.119s] colcon.colcon_core.package_identification Level 1 _identify(/home/coena98/room_scanning/nr_manipulator_demo_docker_files/demo_pick_and_place/static/assets/sass/layout) by extension 'ignore_ament_install'
[0.119s] colcon.colcon_core.package_identification Level 1 _identify(/home/coena98/room_scanning/nr_manipulator_demo_docker_files/demo_pick_and_place/static/assets/sass/layout) by extensions ['colcon_pkg']
[0.119s] colcon.colcon_core.package_identification Level 1 _identify(/home/coena98/room_scanning/nr_manipulator_demo_docker_files/demo_pick_and_place/static/assets/sass/layout) by extension 'colcon_pkg'
[0.119s] colcon.colcon_core.package_identification Level 1 _identify(/home/coena98/room_scanning/nr_manipulator_demo_docker_files/demo_pick_and_place/static/assets/sass/layout) by extensions ['colcon_meta']
[0.119s] colcon.colcon_core.package_identification Level 1 _identify(/home/coena98/room_scanning/nr_manipulator_demo_docker_files/demo_pick_and_place/static/assets/sass/layout) by extension 'colcon_meta'
[0.119s] colcon.colcon_core.package_identification Level 1 _identify(/home/coena98/room_scanning/nr_manipulator_demo_docker_files/demo_pick_and_place/static/assets/sass/layout) by extensions ['ros']
[0.119s] colcon.colcon_core.package_identification Level 1 _identify(/home/coena98/room_scanning/nr_manipulator_demo_docker_files/demo_pick_and_place/static/assets/sass/layout) by extension 'ros'
[0.120s] colcon.colcon_core.package_identification Level 1 _identify(/home/coena98/room_scanning/nr_manipulator_demo_docker_files/demo_pick_and_place/static/assets/sass/layout) by extensions ['cmake', 'python']
[0.120s] colcon.colcon_core.package_identification Level 1 _identify(/home/coena98/room_scanning/nr_manipulator_demo_docker_files/demo_pick_and_place/static/assets/sass/layout) by extension 'cmake'
[0.120s] colcon.colcon_core.package_identification Level 1 _identify(/home/coena98/room_scanning/nr_manipulator_demo_docker_files/demo_pick_and_place/static/assets/sass/layout) by extension 'python'
[0.120s] colcon.colcon_core.package_identification Level 1 _identify(/home/coena98/room_scanning/nr_manipulator_demo_docker_files/demo_pick_and_place/static/assets/sass/layout) by extensions ['python_setup_py']
[0.120s] colcon.colcon_core.package_identification Level 1 _identify(/home/coena98/room_scanning/nr_manipulator_demo_docker_files/demo_pick_and_place/static/assets/sass/layout) by extension 'python_setup_py'
[0.120s] colcon.colcon_core.package_identification Level 1 _identify(/home/coena98/room_scanning/nr_manipulator_demo_docker_files/demo_pick_and_place/static/assets/sass/libs) by extensions ['ignore', 'ignore_ament_install']
[0.120s] colcon.colcon_core.package_identification Level 1 _identify(/home/coena98/room_scanning/nr_manipulator_demo_docker_files/demo_pick_and_place/static/assets/sass/libs) by extension 'ignore'
[0.120s] colcon.colcon_core.package_identification Level 1 _identify(/home/coena98/room_scanning/nr_manipulator_demo_docker_files/demo_pick_and_place/static/assets/sass/libs) by extension 'ignore_ament_install'
[0.120s] colcon.colcon_core.package_identification Level 1 _identify(/home/coena98/room_scanning/nr_manipulator_demo_docker_files/demo_pick_and_place/static/assets/sass/libs) by extensions ['colcon_pkg']
[0.120s] colcon.colcon_core.package_identification Level 1 _identify(/home/coena98/room_scanning/nr_manipulator_demo_docker_files/demo_pick_and_place/static/assets/sass/libs) by extension 'colcon_pkg'
[0.120s] colcon.colcon_core.package_identification Level 1 _identify(/home/coena98/room_scanning/nr_manipulator_demo_docker_files/demo_pick_and_place/static/assets/sass/libs) by extensions ['colcon_meta']
[0.120s] colcon.colcon_core.package_identification Level 1 _identify(/home/coena98/room_scanning/nr_manipulator_demo_docker_files/demo_pick_and_place/static/assets/sass/libs) by extension 'colcon_meta'
[0.120s] colcon.colcon_core.package_identification Level 1 _identify(/home/coena98/room_scanning/nr_manipulator_demo_docker_files/demo_pick_and_place/static/assets/sass/libs) by extensions ['ros']
[0.120s] colcon.colcon_core.package_identification Level 1 _identify(/home/coena98/room_scanning/nr_manipulator_demo_docker_files/demo_pick_and_place/static/assets/sass/libs) by extension 'ros'
[0.120s] colcon.colcon_core.package_identification Level 1 _identify(/home/coena98/room_scanning/nr_manipulator_demo_docker_files/demo_pick_and_place/static/assets/sass/libs) by extensions ['cmake', 'python']
[0.120s] colcon.colcon_core.package_identification Level 1 _identify(/home/coena98/room_scanning/nr_manipulator_demo_docker_files/demo_pick_and_place/static/assets/sass/libs) by extension 'cmake'
[0.120s] colcon.colcon_core.package_identification Level 1 _identify(/home/coena98/room_scanning/nr_manipulator_demo_docker_files/demo_pick_and_place/static/assets/sass/libs) by extension 'python'
[0.120s] colcon.colcon_core.package_identification Level 1 _identify(/home/coena98/room_scanning/nr_manipulator_demo_docker_files/demo_pick_and_place/static/assets/sass/libs) by extensions ['python_setup_py']
[0.120s] colcon.colcon_core.package_identification Level 1 _identify(/home/coena98/room_scanning/nr_manipulator_demo_docker_files/demo_pick_and_place/static/assets/sass/libs) by extension 'python_setup_py'
[0.120s] colcon.colcon_core.package_identification Level 1 _identify(/home/coena98/room_scanning/nr_manipulator_demo_docker_files/demo_pick_and_place/static/assets/webfonts) by extensions ['ignore', 'ignore_ament_install']
[0.120s] colcon.colcon_core.package_identification Level 1 _identify(/home/coena98/room_scanning/nr_manipulator_demo_docker_files/demo_pick_and_place/static/assets/webfonts) by extension 'ignore'
[0.120s] colcon.colcon_core.package_identification Level 1 _identify(/home/coena98/room_scanning/nr_manipulator_demo_docker_files/demo_pick_and_place/static/assets/webfonts) by extension 'ignore_ament_install'
[0.120s] colcon.colcon_core.package_identification Level 1 _identify(/home/coena98/room_scanning/nr_manipulator_demo_docker_files/demo_pick_and_place/static/assets/webfonts) by extensions ['colcon_pkg']
[0.120s] colcon.colcon_core.package_identification Level 1 _identify(/home/coena98/room_scanning/nr_manipulator_demo_docker_files/demo_pick_and_place/static/assets/webfonts) by extension 'colcon_pkg'
[0.120s] colcon.colcon_core.package_identification Level 1 _identify(/home/coena98/room_scanning/nr_manipulator_demo_docker_files/demo_pick_and_place/static/assets/webfonts) by extensions ['colcon_meta']
[0.120s] colcon.colcon_core.package_identification Level 1 _identify(/home/coena98/room_scanning/nr_manipulator_demo_docker_files/demo_pick_and_place/static/assets/webfonts) by extension 'colcon_meta'
[0.120s] colcon.colcon_core.package_identification Level 1 _identify(/home/coena98/room_scanning/nr_manipulator_demo_docker_files/demo_pick_and_place/static/assets/webfonts) by extensions ['ros']
[0.120s] colcon.colcon_core.package_identification Level 1 _identify(/home/coena98/room_scanning/nr_manipulator_demo_docker_files/demo_pick_and_place/static/assets/webfonts) by extension 'ros'
[0.120s] colcon.colcon_core.package_identification Level 1 _identify(/home/coena98/room_scanning/nr_manipulator_demo_docker_files/demo_pick_and_place/static/assets/webfonts) by extensions ['cmake', 'python']
[0.120s] colcon.colcon_core.package_identification Level 1 _identify(/home/coena98/room_scanning/nr_manipulator_demo_docker_files/demo_pick_and_place/static/assets/webfonts) by extension 'cmake'
[0.120s] colcon.colcon_core.package_identification Level 1 _identify(/home/coena98/room_scanning/nr_manipulator_demo_docker_files/demo_pick_and_place/static/assets/webfonts) by extension 'python'
[0.120s] colcon.colcon_core.package_identification Level 1 _identify(/home/coena98/room_scanning/nr_manipulator_demo_docker_files/demo_pick_and_place/static/assets/webfonts) by extensions ['python_setup_py']
[0.120s] colcon.colcon_core.package_identification Level 1 _identify(/home/coena98/room_scanning/nr_manipulator_demo_docker_files/demo_pick_and_place/static/assets/webfonts) by extension 'python_setup_py'
[0.120s] colcon.colcon_core.package_identification Level 1 _identify(/home/coena98/room_scanning/nr_manipulator_demo_docker_files/demo_pick_and_place/templates) by extensions ['ignore', 'ignore_ament_install']
[0.120s] colcon.colcon_core.package_identification Level 1 _identify(/home/coena98/room_scanning/nr_manipulator_demo_docker_files/demo_pick_and_place/templates) by extension 'ignore'
[0.120s] colcon.colcon_core.package_identification Level 1 _identify(/home/coena98/room_scanning/nr_manipulator_demo_docker_files/demo_pick_and_place/templates) by extension 'ignore_ament_install'
[0.120s] colcon.colcon_core.package_identification Level 1 _identify(/home/coena98/room_scanning/nr_manipulator_demo_docker_files/demo_pick_and_place/templates) by extensions ['colcon_pkg']
[0.120s] colcon.colcon_core.package_identification Level 1 _identify(/home/coena98/room_scanning/nr_manipulator_demo_docker_files/demo_pick_and_place/templates) by extension 'colcon_pkg'
[0.120s] colcon.colcon_core.package_identification Level 1 _identify(/home/coena98/room_scanning/nr_manipulator_demo_docker_files/demo_pick_and_place/templates) by extensions ['colcon_meta']
[0.120s] colcon.colcon_core.package_identification Level 1 _identify(/home/coena98/room_scanning/nr_manipulator_demo_docker_files/demo_pick_and_place/templates) by extension 'colcon_meta'
[0.120s] colcon.colcon_core.package_identification Level 1 _identify(/home/coena98/room_scanning/nr_manipulator_demo_docker_files/demo_pick_and_place/templates) by extensions ['ros']
[0.121s] colcon.colcon_core.package_identification Level 1 _identify(/home/coena98/room_scanning/nr_manipulator_demo_docker_files/demo_pick_and_place/templates) by extension 'ros'
[0.121s] colcon.colcon_core.package_identification Level 1 _identify(/home/coena98/room_scanning/nr_manipulator_demo_docker_files/demo_pick_and_place/templates) by extensions ['cmake', 'python']
[0.121s] colcon.colcon_core.package_identification Level 1 _identify(/home/coena98/room_scanning/nr_manipulator_demo_docker_files/demo_pick_and_place/templates) by extension 'cmake'
[0.121s] colcon.colcon_core.package_identification Level 1 _identify(/home/coena98/room_scanning/nr_manipulator_demo_docker_files/demo_pick_and_place/templates) by extension 'python'
[0.121s] colcon.colcon_core.package_identification Level 1 _identify(/home/coena98/room_scanning/nr_manipulator_demo_docker_files/demo_pick_and_place/templates) by extensions ['python_setup_py']
[0.121s] colcon.colcon_core.package_identification Level 1 _identify(/home/coena98/room_scanning/nr_manipulator_demo_docker_files/demo_pick_and_place/templates) by extension 'python_setup_py'
[0.121s] colcon.colcon_core.package_discovery Level 1 discover_packages(recursive) using defaults
